2026-02-01 23:31:41,696 - INFO - === INICIO DEL PIPELINE ETL ===
2026-02-01 23:31:41,899 - INFO - Datos extrados correctamente desde la API.
2026-02-01 23:31:41,900 - INFO - Transformacin completada.
2026-02-01 23:31:41,909 - INFO - Datos cargados correctamente en SQLite.
2026-02-01 23:31:41,909 - INFO - === FIN DEL PIPELINE ETL ===
2026-02-07 11:10:04,948 - INFO - === INICIO DEL PIPELINE ETL (Da 01) ===
2026-02-07 11:10:07,137 - INFO - Datos extrados correctamente desde la API.
2026-02-07 11:10:07,138 - INFO - Transformacin completada: 168 registros procesados.
2026-02-07 11:10:07,154 - INFO - Datos cargados correctamente en clima.db.
2026-02-07 11:10:07,155 - INFO - === FIN DEL PIPELINE ETL ===
2026-02-07 11:23:02,043 - INFO - === INICIO DEL PIPELINE ETL (Da 01) ===
2026-02-07 11:23:02,251 - INFO - Datos extrados correctamente desde la API.
2026-02-07 11:23:02,252 - INFO - Transformacin completada: 168 registros procesados.
2026-02-07 11:23:02,269 - INFO - Datos cargados correctamente en clima.db.
2026-02-07 11:24:47,697 - INFO - === INICIO DEL PIPELINE ETL (Da 01) ===
2026-02-07 11:24:47,891 - INFO - Datos extrados correctamente desde la API.
2026-02-07 11:24:47,892 - INFO - Transformacin completada: 168 registros procesados.
2026-02-07 11:24:47,900 - INFO - Datos cargados correctamente en clima.db.
2026-02-07 11:27:34,556 - INFO - === INICIO D01 ===
2026-02-07 11:27:34,759 - INFO - API: Extracci贸n exitosa.
2026-02-07 11:27:34,762 - INFO - Transformaci贸n: 168 registros listos.
2026-02-07 11:27:34,772 - INFO - Carga: OK en clima.db
2026-02-07 11:27:34,781 - INFO - === FIN D01 - EXITOSO ===
2026-02-07 11:28:53,488 - INFO - === INICIO D01 ===
2026-02-07 11:28:53,717 - INFO - API: Extracci贸n exitosa.
2026-02-07 11:28:53,722 - INFO - Transformaci贸n: 168 registros listos.
2026-02-07 11:28:53,729 - INFO - Carga: OK en clima.db
2026-02-07 11:30:00,461 - INFO - === INICIO D01 ===
2026-02-07 11:30:04,725 - INFO - API: Extracci贸n exitosa.
2026-02-07 11:30:04,726 - INFO - Transformaci贸n: 168 registros listos.
2026-02-07 11:30:04,744 - INFO - Carga: OK en clima.db
2026-02-07 11:33:24,296 - INFO - === INICIO D01 ===
2026-02-07 11:33:24,517 - INFO - API: Extracci贸n exitosa.
2026-02-07 11:33:24,519 - INFO - Transformaci贸n: 168 registros listos.
2026-02-07 11:33:24,544 - INFO - Carga: OK en clima.db
2026-02-07 11:36:38,407 - INFO - === INICIO D01 ===
2026-02-07 11:36:38,659 - INFO - API: Extraccion exitosa.
2026-02-07 11:36:38,662 - INFO - Transformacion: 168 registros listos.
2026-02-07 11:36:38,678 - INFO - Carga: OK en clima.db
2026-02-07 11:36:38,678 - INFO - === FIN D01 - EXITOSO ===
2026-02-07 11:36:50,333 - INFO - === INICIO D01 ===
2026-02-07 11:36:50,532 - INFO - API: Extraccion exitosa.
2026-02-07 11:36:50,534 - INFO - Transformacion: 168 registros listos.
2026-02-07 11:36:50,575 - INFO - Carga: OK en clima.db
2026-02-07 11:36:50,575 - INFO - === FIN D01 - EXITOSO ===
2026-02-07 11:38:32,560 - INFO - === INICIO D01 ===
2026-02-07 11:38:32,736 - INFO - API: Extraccion exitosa.
2026-02-07 11:38:32,737 - INFO - Transformacion: 168 registros listos.
2026-02-07 11:38:32,758 - INFO - Carga: OK en clima.db
2026-02-07 11:38:32,759 - INFO - === FIN D01 - EXITOSO ===
2026-02-07 11:39:50,213 - INFO - === INICIO D01 ===
2026-02-07 11:39:50,428 - INFO - API: Extraccion exitosa.
2026-02-07 11:39:50,433 - INFO - Transformacion: 168 registros listos.
2026-02-07 11:39:50,477 - INFO - Carga: OK en clima.db
2026-02-07 11:39:50,478 - INFO - === FIN D01 - EXITOSO ===
2026-02-07 11:41:01,328 - INFO - === INICIO D01 ===
2026-02-07 11:41:01,514 - INFO - API: Extraccion exitosa.
2026-02-07 11:41:01,516 - INFO - Transformacion: 168 registros listos.
2026-02-07 11:41:01,556 - INFO - Carga: OK en clima.db
2026-02-07 11:41:01,556 - INFO - === FIN D01 - EXITOSO ===
2026-02-07 11:42:04,421 - INFO - === INICIO D01 ===
2026-02-07 11:42:04,619 - INFO - API: Extraccion exitosa.
2026-02-07 11:42:04,620 - INFO - Transformacion: 168 registros listos.
2026-02-07 11:42:04,642 - INFO - Carga: OK en clima.db
2026-02-07 11:42:04,642 - INFO - === FIN D01 - EXITOSO ===
2026-02-07 11:44:19,652 - INFO - === INICIO D01 ===
2026-02-07 11:44:19,834 - INFO - API: Extraccion exitosa.
2026-02-07 11:44:19,836 - INFO - Transformacion: 168 registros listos.
2026-02-07 11:44:19,874 - INFO - Carga: OK en clima.db
2026-02-07 11:44:19,875 - INFO - === FIN D01 - EXITOSO ===
2026-02-07 11:45:46,024 - INFO - === INICIO D01 ===
2026-02-07 11:45:46,263 - INFO - API: Extraccion exitosa.
2026-02-07 11:45:46,269 - INFO - Transformacion: 168 registros listos.
2026-02-07 11:45:46,298 - INFO - Carga: OK en clima.db
2026-02-07 11:45:46,298 - INFO - === FIN D01 - EXITOSO ===
2026-02-07 11:46:55,664 - INFO - === INICIO D01 ===
2026-02-07 11:46:55,876 - INFO - API: Extraccion exitosa.
2026-02-07 11:46:55,881 - INFO - Transformacion: 168 registros listos.
2026-02-07 11:46:55,899 - INFO - Carga: OK en clima.db
2026-02-07 11:46:55,899 - INFO - === FIN D01 - EXITOSO ===
2026-02-07 11:47:18,951 - INFO - === INICIO D01 ===
2026-02-07 11:47:19,148 - INFO - API: Extraccion exitosa.
2026-02-07 11:47:19,154 - INFO - Transformacion: 168 registros listos.
2026-02-07 11:47:19,177 - INFO - Carga: OK en clima.db
2026-02-07 11:47:19,178 - INFO - === FIN D01 - EXITOSO ===
2026-02-07 11:51:33,590 - INFO - === INICIO D01 ===
2026-02-07 11:51:33,792 - INFO - API: Extraccion exitosa.
2026-02-07 11:51:33,794 - INFO - Transformacion: 168 registros listos.
2026-02-07 11:51:33,810 - INFO - Carga: OK en clima.db
2026-02-07 11:51:33,811 - INFO - === FIN D01 - EXITOSO ===
2026-02-07 11:54:11,294 - INFO - === INICIO D01 ===
2026-02-07 11:54:11,487 - INFO - API: Extraccion exitosa.
2026-02-07 11:54:11,490 - INFO - Transformacion: 168 registros listos.
2026-02-07 11:54:11,515 - INFO - Carga: OK en clima.db
2026-02-07 11:54:11,515 - INFO - === FIN D01 - EXITOSO ===
2026-02-07 12:13:33,144 - INFO - === INICIO D01 ===
2026-02-07 12:13:33,350 - INFO - API: Extraccion exitosa.
2026-02-07 12:13:33,353 - INFO - Transformacion: 168 registros listos.
2026-02-07 12:13:33,374 - INFO - Carga: OK en clima.db
2026-02-07 12:13:33,375 - INFO - === FIN D01 - EXITOSO ===
