STEP: D01 - ETL Clima
STATUS: SUCCESS
TIME: 1.16s
LOG:
2026-02-07 11:51:33,590 - INFO - === INICIO D01 ===
2026-02-07 11:51:33,792 - INFO - API: Extraccion exitosa.
2026-02-07 11:51:33,794 - INFO - Transformacion: 168 registros listos.
2026-02-07 11:51:33,810 - INFO - Carga: OK en clima.db
2026-02-07 11:51:33,811 - INFO - === FIN D01 - EXITOSO ===
D01_STATUS: SUCCESS

----------------------------------------
STEP: D02 - Crypto API
STATUS: SUCCESS
TIME: 1.87s
LOG:
2026-02-07 11:51:35,386 - INFO - === INICIO D02 ===
2026-02-07 11:51:35,617 - INFO - API: Datos de cripto obtenidos con exito.
2026-02-07 11:51:35,624 - INFO - CSV: Guardado en precios_crypto.csv
2026-02-07 11:51:35,624 - INFO - === FIN D02 - EXITOSO ===
D02_STATUS: SUCCESS

----------------------------------------
STEP: D03 - Excel Format
STATUS: SUCCESS
TIME: 1.61s
LOG:
D03_SUCCESS

----------------------------------------
STEP: D04 - Dashboard
STATUS: FAILED
TIME: 1.38s
LOG:
STDOUT: 
STDERR: Traceback (most recent call last):
  File "C:\Users\olive\OneDrive\Escritorio\Oliver Preparacion Profesional\365-python-challenge\2026\01-ENERO 2026\D04-Graficos-Excel\main.py", line 207, in <module>
    print("\U0001f4ca Iniciando Generacin de Dashboard Ejecutivo...")
    ~~~~~^^^^^^^^^^^^^^^^^^^^^^^^^^^^^^^^^^^^^^^^^^^^^^^^^^^^^
  File "C:\Users\olive\AppData\Local\Programs\Python\Python313\Lib\encodings\cp1252.py", line 19, in encode
    return codecs.charmap_encode(input,self.errors,encoding_table)[0]
           ~~~~~~~~~~~~~~~~~~~~~^^^^^^^^^^^^^^^^^^^^^^^^^^^^^^^^^^
UnicodeEncodeError: 'charmap' codec can't encode character '\U0001f4ca' in position 0: character maps to <undefined>

----------------------------------------
RESULTADO GLOBAL: FALLIDO
TIEMPO TOTAL: 6.02s