STEP: D01 - ETL Clima
STATUS: SUCCESS
TIME: 1.48s
LOG:
2026-02-07 11:47:18,951 - INFO - === INICIO D01 ===
2026-02-07 11:47:19,148 - INFO - API: Extraccion exitosa.
2026-02-07 11:47:19,154 - INFO - Transformacion: 168 registros listos.
2026-02-07 11:47:19,177 - INFO - Carga: OK en clima.db
2026-02-07 11:47:19,178 - INFO - === FIN D01 - EXITOSO ===
D01_STATUS: SUCCESS

----------------------------------------
STEP: D02 - Crypto API
STATUS: SUCCESS
TIME: 1.98s
LOG:
2026-02-07 11:47:21,093 - INFO - === INICIO D02 ===
2026-02-07 11:47:21,199 - INFO - API: Datos de cripto obtenidos con exito.
2026-02-07 11:47:21,216 - INFO - CSV: Guardado en precios_crypto.csv
2026-02-07 11:47:21,217 - INFO - === FIN D02 - EXITOSO ===
D02_STATUS: SUCCESS

----------------------------------------
STEP: D03 - Excel Format
STATUS: FAILED
TIME: 1.68s
LOG:
STDOUT: STDERR: 'charmap' codec can't encode character '\u2705' in position 0: character maps to <undefined>

STDERR: 
----------------------------------------
RESULTADO GLOBAL: FALLIDO
TIEMPO TOTAL: 5.13s