STEP: D01 - ETL Clima
STATUS: SUCCESS
TIME: 1.2s
LOG:
2026-02-07 11:36:50,333 - INFO - === INICIO D01 ===
2026-02-07 11:36:50,532 - INFO - API: Extraccion exitosa.
2026-02-07 11:36:50,534 - INFO - Transformacion: 168 registros listos.
2026-02-07 11:36:50,575 - INFO - Carga: OK en clima.db
2026-02-07 11:36:50,575 - INFO - === FIN D01 - EXITOSO ===
D01_STATUS: SUCCESS

----------------------------------------
STEP: D02 - Crypto API
STATUS: FAILED
TIME: 2.29s
LOG:
Traceback (most recent call last):
  File "C:\Users\olive\OneDrive\Escritorio\Oliver Preparacion Profesional\365-python-challenge\2026\01-ENERO 2026\D02-Scraper-Avanzado\main.py", line 89, in <module>
    print(f"\U0001f680 Iniciando extracción del Día 02...")
    ~~~~~^^^^^^^^^^^^^^^^^^^^^^^^^^^^^^^^^^^^^^^^^^
  File "C:\Users\olive\AppData\Local\Programs\Python\Python313\Lib\encodings\cp1252.py", line 19, in encode
    return codecs.charmap_encode(input,self.errors,encoding_table)[0]
           ~~~~~~~~~~~~~~~~~~~~~^^^^^^^^^^^^^^^^^^^^^^^^^^^^^^^^^^
UnicodeEncodeError: 'charmap' codec can't encode character '\U0001f680' in position 0: character maps to <undefined>

----------------------------------------
RESULTADO: FALLIDO
TIEMPO TOTAL: 3.5s