STEP: D01 - ETL Clima
STATUS: SUCCESS
TIME: 1.46s
LOG:
2026-02-07 11:42:04,421 - INFO - === INICIO D01 ===
2026-02-07 11:42:04,619 - INFO - API: Extraccion exitosa.
2026-02-07 11:42:04,620 - INFO - Transformacion: 168 registros listos.
2026-02-07 11:42:04,642 - INFO - Carga: OK en clima.db
2026-02-07 11:42:04,642 - INFO - === FIN D01 - EXITOSO ===
D01_STATUS: SUCCESS

----------------------------------------
STEP: D02 - Crypto API
STATUS: SUCCESS
TIME: 2.28s
LOG:
2026-02-07 11:42:06,589 - INFO - === INICIO D02 ===
2026-02-07 11:42:06,802 - INFO - API: Datos de cripto obtenidos con exito.
2026-02-07 11:42:06,810 - INFO - CSV: Guardado en precios_crypto.csv
2026-02-07 11:42:06,811 - INFO - === FIN D02 - EXITOSO ===
D02_STATUS: SUCCESS

----------------------------------------
STEP: D03 - Excel Format
STATUS: FAILED
TIME: 1.72s
LOG:
STDERR: Error critico en D03: 'charmap' codec can't encode character '\u2705' in position 0: character maps to <undefined>

----------------------------------------
RESULTADO: FALLIDO
TIEMPO TOTAL: 5.46s