STEP: D01 - ETL Clima
STATUS: SUCCESS
TIME: 1.23s
LOG:
2026-02-07 11:44:19,652 - INFO - === INICIO D01 ===
2026-02-07 11:44:19,834 - INFO - API: Extraccion exitosa.
2026-02-07 11:44:19,836 - INFO - Transformacion: 168 registros listos.
2026-02-07 11:44:19,874 - INFO - Carga: OK en clima.db
2026-02-07 11:44:19,875 - INFO - === FIN D01 - EXITOSO ===
D01_STATUS: SUCCESS

----------------------------------------
STEP: D02 - Crypto API
STATUS: SUCCESS
TIME: 1.9s
LOG:
2026-02-07 11:44:21,462 - INFO - === INICIO D02 ===
2026-02-07 11:44:21,691 - INFO - API: Datos de cripto obtenidos con exito.
2026-02-07 11:44:21,698 - INFO - CSV: Guardado en precios_crypto.csv
2026-02-07 11:44:21,698 - INFO - === FIN D02 - EXITOSO ===
D02_STATUS: SUCCESS

----------------------------------------
STEP: D03 - Excel Format
STATUS: FAILED
TIME: 1.73s
LOG:
STDERR: 'charmap' codec can't encode character '\u2705' in position 0: character maps to <undefined>

----------------------------------------
RESULTADO: FALLIDO
TIEMPO TOTAL: 4.86s